|--- Fertilizer_Used <= 238.98
|   |--- Rainfall <= 1363.57
|   |   |--- Fertilizer_Used <= 126.20
|   |   |   |--- Soil_Moisture <= 37.14
|   |   |   |   |--- Temperature <= 34.90
|   |   |   |   |   |--- K <= 99.50
|   |   |   |   |   |   |--- value: [21.74]
|   |   |   |   |   |--- K >  99.50
|   |   |   |   |   |   |--- value: [22.59]
|   |   |   |   |--- Temperature >  34.90
|   |   |   |   |   |--- Wind_Speed <= 14.72
|   |   |   |   |   |   |--- value: [23.45]
|   |   |   |   |   |--- Wind_Speed >  14.72
|   |   |   |   |   |   |--- value: [21.25]
|   |   |   |--- Soil_Moisture >  37.14
|   |   |   |   |--- K <= 36.50
|   |   |   |   |   |--- Humidity <= 48.06
|   |   |   |   |   |   |--- value: [21.05]
|   |   |   |   |   |--- Humidity >  48.06
|   |   |   |   |   |   |--- value: [22.82]
|   |   |   |   |--- K >  36.50
|   |   |   |   |   |--- N <= 133.50
|   |   |   |   |   |   |--- value: [23.39]
|   |   |   |   |   |--- N >  133.50
|   |   |   |   |   |   |--- value: [24.32]
|   |   |--- Fertilizer_Used >  126.20
|   |   |   |--- Soil_Moisture <= 28.99
|   |   |   |   |--- Soil_pH <= 6.98
|   |   |   |   |   |--- Soil_pH <= 6.08
|   |   |   |   |   |   |--- value: [23.17]
|   |   |   |   |   |--- Soil_pH >  6.08
|   |   |   |   |   |   |--- value: [24.30]
|   |   |   |   |--- Soil_pH >  6.98
|   |   |   |   |   |--- Soil_Moisture <= 22.28
|   |   |   |   |   |   |--- value: [22.37]
|   |   |   |   |   |--- Soil_Moisture >  22.28
|   |   |   |   |   |   |--- value: [23.34]
|   |   |   |--- Soil_Moisture >  28.99
|   |   |   |   |--- Soil_Moisture <= 57.09
|   |   |   |   |   |--- Altitude <= 276.00
|   |   |   |   |   |   |--- value: [25.10]
|   |   |   |   |   |--- Altitude >  276.00
|   |   |   |   |   |   |--- value: [24.06]
|   |   |   |   |--- Soil_Moisture >  57.09
|   |   |   |   |   |--- Soil_Moisture <= 59.08
|   |   |   |   |   |   |--- value: [25.58]
|   |   |   |   |   |--- Soil_Moisture >  59.08
|   |   |   |   |   |   |--- value: [24.75]
|   |--- Rainfall >  1363.57
|   |   |--- Soil_Moisture <= 45.66
|   |   |   |--- Rainfall <= 2071.17
|   |   |   |   |--- Wind_Speed <= 13.28
|   |   |   |   |   |--- Fertilizer_Used <= 131.14
|   |   |   |   |   |   |--- value: [23.98]
|   |   |   |   |   |--- Fertilizer_Used >  131.14
|   |   |   |   |   |   |--- value: [24.75]
|   |   |   |   |--- Wind_Speed >  13.28
|   |   |   |   |   |--- N <= 156.50
|   |   |   |   |   |   |--- value: [23.52]
|   |   |   |   |   |--- N >  156.50
|   |   |   |   |   |   |--- value: [24.81]
|   |   |   |--- Rainfall >  2071.17
|   |   |   |   |--- Fertilizer_Used <= 128.44
|   |   |   |   |   |--- Soil_Moisture <= 21.31
|   |   |   |   |   |   |--- value: [23.45]
|   |   |   |   |   |--- Soil_Moisture >  21.31
|   |   |   |   |   |   |--- value: [24.73]
|   |   |   |   |--- Fertilizer_Used >  128.44
|   |   |   |   |   |--- P <= 80.00
|   |   |   |   |   |   |--- value: [25.21]
|   |   |   |   |   |--- P >  80.00
|   |   |   |   |   |   |--- value: [26.09]
|   |   |--- Soil_Moisture >  45.66
|   |   |   |--- Fertilizer_Used <= 110.58
|   |   |   |   |--- Rainfall <= 2233.91
|   |   |   |   |   |--- Soil_Moisture <= 49.06
|   |   |   |   |   |   |--- value: [25.16]
|   |   |   |   |   |--- Soil_Moisture >  49.06
|   |   |   |   |   |   |--- value: [23.79]
|   |   |   |   |--- Rainfall >  2233.91
|   |   |   |   |   |--- Temperature <= 31.01
|   |   |   |   |   |   |--- value: [25.95]
|   |   |   |   |   |--- Temperature >  31.01
|   |   |   |   |   |   |--- value: [24.05]
|   |   |   |--- Fertilizer_Used >  110.58
|   |   |   |   |--- Rainfall <= 2468.39
|   |   |   |   |   |--- K <= 123.50
|   |   |   |   |   |   |--- value: [25.39]
|   |   |   |   |   |--- K >  123.50
|   |   |   |   |   |   |--- value: [26.59]
|   |   |   |   |--- Rainfall >  2468.39
|   |   |   |   |   |--- K <= 82.00
|   |   |   |   |   |   |--- value: [26.25]
|   |   |   |   |   |--- K >  82.00
|   |   |   |   |   |   |--- value: [27.28]
|--- Fertilizer_Used >  238.98
|   |--- Rainfall <= 1455.18
|   |   |--- Soil_Moisture <= 24.40
|   |   |   |--- Rainfall <= 1099.55
|   |   |   |   |--- Wind_Speed <= 14.83
|   |   |   |   |   |--- Soil_Moisture <= 16.83
|   |   |   |   |   |   |--- value: [23.47]
|   |   |   |   |   |--- Soil_Moisture >  16.83
|   |   |   |   |   |   |--- value: [24.52]
|   |   |   |   |--- Wind_Speed >  14.83
|   |   |   |   |   |--- N <= 117.50
|   |   |   |   |   |   |--- value: [22.44]
|   |   |   |   |   |--- N >  117.50
|   |   |   |   |   |   |--- value: [24.24]
|   |   |   |--- Rainfall >  1099.55
|   |   |   |   |--- Humidity <= 42.73
|   |   |   |   |   |--- Region <= 2.50
|   |   |   |   |   |   |--- value: [24.82]
|   |   |   |   |   |--- Region >  2.50
|   |   |   |   |   |   |--- value: [23.91]
|   |   |   |   |--- Humidity >  42.73
|   |   |   |   |   |--- N <= 112.50
|   |   |   |   |   |   |--- value: [25.76]
|   |   |   |   |   |--- N >  112.50
|   |   |   |   |   |   |--- value: [24.80]
|   |   |--- Soil_Moisture >  24.40
|   |   |   |--- N <= 167.50
|   |   |   |   |--- K <= 83.00
|   |   |   |   |   |--- Soil_pH <= 5.49
|   |   |   |   |   |   |--- value: [24.02]
|   |   |   |   |   |--- Soil_pH >  5.49
|   |   |   |   |   |   |--- value: [25.02]
|   |   |   |   |--- K >  83.00
|   |   |   |   |   |--- Soil_pH <= 7.82
|   |   |   |   |   |   |--- value: [25.68]
|   |   |   |   |   |--- Soil_pH >  7.82
|   |   |   |   |   |   |--- value: [24.49]
|   |   |   |--- N >  167.50
|   |   |   |   |--- Rainfall <= 768.93
|   |   |   |   |   |--- Temperature <= 16.46
|   |   |   |   |   |   |--- value: [26.64]
|   |   |   |   |   |--- Temperature >  16.46
|   |   |   |   |   |   |--- value: [24.73]
|   |   |   |   |--- Rainfall >  768.93
|   |   |   |   |   |--- Altitude <= 935.00
|   |   |   |   |   |   |--- value: [26.75]
|   |   |   |   |   |--- Altitude >  935.00
|   |   |   |   |   |   |--- value: [28.27]
|   |--- Rainfall >  1455.18
|   |   |--- Soil_Moisture <= 39.78
|   |   |   |--- Wind_Speed <= 12.48
|   |   |   |   |--- Fertilizer_Used <= 276.71
|   |   |   |   |   |--- Soil_pH <= 5.12
|   |   |   |   |   |   |--- value: [23.75]
|   |   |   |   |   |--- Soil_pH >  5.12
|   |   |   |   |   |   |--- value: [25.94]
|   |   |   |   |--- Fertilizer_Used >  276.71
|   |   |   |   |   |--- Temperature <= 35.02
|   |   |   |   |   |   |--- value: [26.79]
|   |   |   |   |   |--- Temperature >  35.02
|   |   |   |   |   |   |--- value: [25.53]
|   |   |   |--- Wind_Speed >  12.48
|   |   |   |   |--- Rainfall <= 2379.83
|   |   |   |   |   |--- Fertilizer_Used <= 312.70
|   |   |   |   |   |   |--- value: [24.56]
|   |   |   |   |   |--- Fertilizer_Used >  312.70
|   |   |   |   |   |   |--- value: [26.05]
|   |   |   |   |--- Rainfall >  2379.83
|   |   |   |   |   |--- Fertilizer_Used <= 336.57
|   |   |   |   |   |   |--- value: [26.00]
|   |   |   |   |   |--- Fertilizer_Used >  336.57
|   |   |   |   |   |   |--- value: [27.19]
|   |   |--- Soil_Moisture >  39.78
|   |   |   |--- Soil_pH <= 5.63
|   |   |   |   |--- Pesticide_Used <= 18.62
|   |   |   |   |   |--- Temperature <= 29.95
|   |   |   |   |   |   |--- value: [25.52]
|   |   |   |   |   |--- Temperature >  29.95
|   |   |   |   |   |   |--- value: [26.45]
|   |   |   |   |--- Pesticide_Used >  18.62
|   |   |   |   |   |--- Temperature <= 30.21
|   |   |   |   |   |   |--- value: [26.83]
|   |   |   |   |   |--- Temperature >  30.21
|   |   |   |   |   |   |--- value: [26.23]
|   |   |   |--- Soil_pH >  5.63
|   |   |   |   |--- Rainfall <= 2020.11
|   |   |   |   |   |--- Wind_Speed <= 13.52
|   |   |   |   |   |   |--- value: [27.06]
|   |   |   |   |   |--- Wind_Speed >  13.52
|   |   |   |   |   |   |--- value: [26.13]
|   |   |   |   |--- Rainfall >  2020.11
|   |   |   |   |   |--- Fertilizer_Used <= 304.23
|   |   |   |   |   |   |--- value: [27.25]
|   |   |   |   |   |--- Fertilizer_Used >  304.23
|   |   |   |   |   |   |--- value: [28.22]
