Decision Tree Rules:
============================================================

|--- growing_days <= -1.06
|   |--- crop_type <= 3.91
|   |   |--- value: [3877.71]
|   |--- crop_type >  3.91
|   |   |--- value: [3889.49]
|--- growing_days >  -1.06
|   |--- crop_type <= 3.81
|   |   |--- soil_pH <= 1.24
|   |   |   |--- NDVI_index <= 0.32
|   |   |   |   |--- soil_pH <= -0.48
|   |   |   |   |   |--- value: [4161.82]
|   |   |   |   |--- soil_pH >  -0.48
|   |   |   |   |   |--- value: [4142.28]
|   |   |   |--- NDVI_index >  0.32
|   |   |   |   |--- soil_moisture_% <= -0.08
|   |   |   |   |   |--- value: [4136.84]
|   |   |   |   |--- soil_moisture_% >  -0.08
|   |   |   |   |   |--- value: [4010.21]
|   |   |--- soil_pH >  1.24
|   |   |   |--- value: [4399.57]
|   |--- crop_type >  3.81
|   |   |--- NDVI_index <= -1.25
|   |   |   |--- value: [3646.80]
|   |   |--- NDVI_index >  -1.25
|   |   |   |--- sunlight_hours <= -0.08
|   |   |   |   |--- value: [4001.40]
|   |   |   |--- sunlight_hours >  -0.08
|   |   |   |   |--- growing_days <= -0.10
|   |   |   |   |   |--- value: [4203.40]
|   |   |   |   |--- growing_days >  -0.10
|   |   |   |   |   |--- value: [3804.23]

============================================================

Feature Statistics (mean ± std):
============================================================
crop_type           : 2.958 ± 1.351
soil_moisture_%     : 26.750 ± 10.150
soil_pH             : 6.524 ± 0.586
temperature_C       : 24.676 ± 5.349
rainfall_mm         : 181.686 ± 72.293
humidity_%          : 65.194 ± 14.643
sunlight_hours      : 7.030 ± 1.692
NDVI_index          : 0.602 ± 0.175
growing_days        : 119.496 ± 16.798
============================================================
