=== Smart Farming Sensor Data Analysis ===

Loaded CSV file: Smart_Farming_Crop_Yield_2024.csv

---- 5 Random Rows of Dataset ----
╒═══════════╤═════════════╤═════════════╤═══════════════════╤═══════════╤═════════════════╤═══════════════╤══════════════╤══════════════════╤═══════════════════╤═══════════════════╤══════════════════════╤═══════════════╤════════════════╤══════════════╤════════════════════════╤═════════════╤═════════════╤════════════╤═════════════╤══════════════╤═══════════════════════╕
│ farm_id   │ region      │ crop_type   │   soil_moisture_% │   soil_pH │   temperature_C │   rainfall_mm │   humidity_% │   sunlight_hours │ irrigation_type   │ fertilizer_type   │   pesticide_usage_ml │ sowing_date   │ harvest_date   │   total_days │   yield_kg_per_hectare │ sensor_id   │ timestamp   │   latitude │   longitude │   NDVI_index │ crop_disease_status   │
╞═══════════╪═════════════╪═════════════╪═══════════════════╪═══════════╪═════════════════╪═══════════════╪══════════════╪══════════════════╪═══════════════════╪═══════════════════╪══════════════════════╪═══════════════╪════════════════╪══════════════╪════════════════════════╪═════════════╪═════════════╪════════════╪═════════════╪══════════════╪═══════════════════════╡
│ FARM0362  │ North India │ Maize       │             29.1  │      6.45 │           19.93 │        119.43 │        79.21 │             4.87 │ nan               │ Mixed             │                21.55 │ 2024-02-01    │ 2024-06-11     │          131 │                5867.22 │ SENS0362    │ 2024-02-09  │    31.0368 │     83.2445 │         0.86 │ Mild                  │
├───────────┼─────────────┼─────────────┼───────────────────┼───────────┼─────────────────┼───────────────┼──────────────┼──────────────────┼───────────────────┼───────────────────┼──────────────────────┼───────────────┼────────────────┼──────────────┼────────────────────────┼─────────────┼─────────────┼────────────┼─────────────┼──────────────┼───────────────────────┤
│ FARM0074  │ East Africa │ Rice        │             42.09 │      6.12 │           28.12 │        215.53 │        46.45 │             8.25 │ Drip              │ Inorganic         │                30.15 │ 2024-03-26    │ 2024-07-15     │          111 │                5252.74 │ SENS0074    │ 2024-06-19  │    27.5708 │     88.9422 │         0.9  │ nan                   │
├───────────┼─────────────┼─────────────┼───────────────────┼───────────┼─────────────────┼───────────────┼──────────────┼──────────────────┼───────────────────┼───────────────────┼──────────────────────┼───────────────┼────────────────┼──────────────┼────────────────────────┼─────────────┼─────────────┼────────────┼─────────────┼──────────────┼───────────────────────┤
│ FARM0375  │ South USA   │ Maize       │             30.8  │      5.51 │           34.4  │        214.04 │        87.54 │             5.95 │ Sprinkler         │ Organic           │                43.85 │ 2024-03-10    │ 2024-06-28     │          110 │                5192.59 │ SENS0375    │ 2024-06-13  │    11.7681 │     89.038  │         0.53 │ Severe                │
├───────────┼─────────────┼─────────────┼───────────────────┼───────────┼─────────────────┼───────────────┼──────────────┼──────────────────┼───────────────────┼───────────────────┼──────────────────────┼───────────────┼────────────────┼──────────────┼────────────────────────┼─────────────┼─────────────┼────────────┼─────────────┼──────────────┼───────────────────────┤
│ FARM0156  │ East Africa │ Cotton      │             10.28 │      5.9  │           26.28 │        125.98 │        71.14 │             6.78 │ nan               │ Organic           │                37.96 │ 2024-03-25    │ 2024-08-12     │          140 │                2980.51 │ SENS0156    │ 2024-03-26  │    33.3099 │     70.4782 │         0.62 │ nan                   │
├───────────┼─────────────┼─────────────┼───────────────────┼───────────┼─────────────────┼───────────────┼──────────────┼──────────────────┼───────────────────┼───────────────────┼──────────────────────┼───────────────┼────────────────┼──────────────┼────────────────────────┼─────────────┼─────────────┼────────────┼─────────────┼──────────────┼───────────────────────┤
│ FARM0105  │ South India │ Maize       │             40.69 │      5.52 │           26.36 │         76.83 │        89.15 │             5.71 │ nan               │ Organic           │                43.3  │ 2024-02-09    │ 2024-05-21     │          102 │                5235.26 │ SENS0105    │ 2024-03-22  │    14.0624 │     79.1783 │         0.45 │ Mild                  │
╘═══════════╧═════════════╧═════════════╧═══════════════════╧═══════════╧═════════════════╧═══════════════╧══════════════╧══════════════════╧═══════════════════╧═══════════════════╧══════════════════════╧═══════════════╧════════════════╧══════════════╧════════════════════════╧═════════════╧═════════════╧════════════╧═════════════╧══════════════╧═══════════════════════╛

---- Column Description Table ----
╒══════════════════════╤═══════════════════════════════════════════════════════════╤═══════════════════════════════════════════════════════════════╕
│ Column               │ Meaning                                                   │ Notes on High / Low                                           │
╞══════════════════════╪═══════════════════════════════════════════════════════════╪═══════════════════════════════════════════════════════════════╡
│ farm_id              │ Unique identifier for each smart farm.                    │ Identifier only.                                              │
├──────────────────────┼───────────────────────────────────────────────────────────┼───────────────────────────────────────────────────────────────┤
│ region               │ Geographical region where the farm is located.            │ Regional label.                                               │
├──────────────────────┼───────────────────────────────────────────────────────────┼───────────────────────────────────────────────────────────────┤
│ crop_type            │ Type of crop cultivated on the farm.                      │ Crop category.                                                │
├──────────────────────┼───────────────────────────────────────────────────────────┼───────────────────────────────────────────────────────────────┤
│ soil_moisture_%      │ Soil moisture content measured in percentage.             │ High indicates wetter soil; low indicates dry soil.           │
├──────────────────────┼───────────────────────────────────────────────────────────┼───────────────────────────────────────────────────────────────┤
│ soil_pH              │ Soil acidity or alkalinity level.                         │ High indicates alkaline; low indicates acidic.                │
├──────────────────────┼───────────────────────────────────────────────────────────┼───────────────────────────────────────────────────────────────┤
│ temperature_C        │ Average temperature during crop growth cycle.             │ High indicates hotter climate; low indicates cooler.          │
├──────────────────────┼───────────────────────────────────────────────────────────┼───────────────────────────────────────────────────────────────┤
│ rainfall_mm          │ Total rainfall received during the season in millimeters. │ High indicates heavy rainfall; low indicates drought risk.    │
├──────────────────────┼───────────────────────────────────────────────────────────┼───────────────────────────────────────────────────────────────┤
│ humidity_%           │ Average atmospheric humidity percentage.                  │ High indicates humid air; low indicates dry air.              │
├──────────────────────┼───────────────────────────────────────────────────────────┼───────────────────────────────────────────────────────────────┤
│ sunlight_hours       │ Average daily sunlight exposure in hours.                 │ High indicates more sunlight; low indicates less.             │
├──────────────────────┼───────────────────────────────────────────────────────────┼───────────────────────────────────────────────────────────────┤
│ irrigation_type      │ Method of irrigation used on the farm.                    │ Operational choice.                                           │
├──────────────────────┼───────────────────────────────────────────────────────────┼───────────────────────────────────────────────────────────────┤
│ fertilizer_type      │ Type of fertilizer applied to crops.                      │ Operational choice.                                           │
├──────────────────────┼───────────────────────────────────────────────────────────┼───────────────────────────────────────────────────────────────┤
│ pesticide_usage_ml   │ Daily pesticide usage in milliliters.                     │ High indicates heavy pesticide use; low indicates minimal.    │
├──────────────────────┼───────────────────────────────────────────────────────────┼───────────────────────────────────────────────────────────────┤
│ sowing_date          │ Date when the crop was sown.                              │ Date field.                                                   │
├──────────────────────┼───────────────────────────────────────────────────────────┼───────────────────────────────────────────────────────────────┤
│ harvest_date         │ Date when the crop was harvested.                         │ Date field.                                                   │
├──────────────────────┼───────────────────────────────────────────────────────────┼───────────────────────────────────────────────────────────────┤
│ total_days           │ Total crop growth duration in days.                       │ High indicates longer crop cycle; low indicates shorter.      │
├──────────────────────┼───────────────────────────────────────────────────────────┼───────────────────────────────────────────────────────────────┤
│ yield_kg_per_hectare │ Crop yield per hectare (target variable).                 │ High indicates better yield; low indicates poor yield.        │
├──────────────────────┼───────────────────────────────────────────────────────────┼───────────────────────────────────────────────────────────────┤
│ sensor_id            │ Identifier of the IoT sensor collecting data.             │ Sensor identifier.                                            │
├──────────────────────┼───────────────────────────────────────────────────────────┼───────────────────────────────────────────────────────────────┤
│ timestamp            │ Timestamp of the sensor data snapshot.                    │ Time reference.                                               │
├──────────────────────┼───────────────────────────────────────────────────────────┼───────────────────────────────────────────────────────────────┤
│ latitude             │ Latitude coordinate of the farm.                          │ Geographic coordinate.                                        │
├──────────────────────┼───────────────────────────────────────────────────────────┼───────────────────────────────────────────────────────────────┤
│ longitude            │ Longitude coordinate of the farm.                         │ Geographic coordinate.                                        │
├──────────────────────┼───────────────────────────────────────────────────────────┼───────────────────────────────────────────────────────────────┤
│ NDVI_index           │ Vegetation health index (NDVI).                           │ High indicates healthy vegetation; low indicates crop stress. │
├──────────────────────┼───────────────────────────────────────────────────────────┼───────────────────────────────────────────────────────────────┤
│ crop_disease_status  │ Observed crop disease severity level.                     │ None indicates healthy crops; severe indicates disease.       │
╘══════════════════════╧═══════════════════════════════════════════════════════════╧═══════════════════════════════════════════════════════════════╛

---- Numeric Columns Summary ----
╒══════════════════════╤═════════════╤══════════════════╤══════════════╕
│ Column               │   Min (Low) │   Mean (Average) │   Max (High) │
╞══════════════════════╪═════════════╪══════════════════╪══════════════╡
│ soil_moisture_%      │      10.16  │           26.75  │       44.98  │
├──────────────────────┼─────────────┼──────────────────┼──────────────┤
│ soil_pH              │       5.51  │            6.524 │        7.5   │
├──────────────────────┼─────────────┼──────────────────┼──────────────┤
│ temperature_C        │      15     │           24.676 │       34.84  │
├──────────────────────┼─────────────┼──────────────────┼──────────────┤
│ rainfall_mm          │      50.17  │          181.686 │      298.96  │
├──────────────────────┼─────────────┼──────────────────┼──────────────┤
│ humidity_%           │      40.23  │           65.194 │       90     │
├──────────────────────┼─────────────┼──────────────────┼──────────────┤
│ sunlight_hours       │       4.01  │            7.03  │       10     │
├──────────────────────┼─────────────┼──────────────────┼──────────────┤
│ pesticide_usage_ml   │       5.05  │           26.587 │       49.94  │
├──────────────────────┼─────────────┼──────────────────┼──────────────┤
│ total_days           │      90     │          119.496 │      150     │
├──────────────────────┼─────────────┼──────────────────┼──────────────┤
│ yield_kg_per_hectare │    2023.56  │         4032.93  │     5998.29  │
├──────────────────────┼─────────────┼──────────────────┼──────────────┤
│ latitude             │      10.004 │           22.442 │       34.982 │
├──────────────────────┼─────────────┼──────────────────┼──────────────┤
│ longitude            │      70.02  │           80.392 │       89.992 │
├──────────────────────┼─────────────┼──────────────────┼──────────────┤
│ NDVI_index           │       0.3   │            0.602 │        0.9   │
╘══════════════════════╧═════════════╧══════════════════╧══════════════╛
