|--- Fertilizer_Used <= 181.35
|   |--- Rainfall <= 2122.70
|   |   |--- Organic_Carbon <= 1.54
|   |   |   |--- Altitude <= 2165.50
|   |   |   |   |--- Temperature <= 27.11
|   |   |   |   |   |--- Soil_Moisture <= 15.30
|   |   |   |   |   |   |--- Wind_Speed <= 9.57
|   |   |   |   |   |   |   |--- Altitude <= 375.00
|   |   |   |   |   |   |   |   |--- value: [74.45]
|   |   |   |   |   |   |   |--- Altitude >  375.00
|   |   |   |   |   |   |   |   |--- Irrigation_Type <= 2.00
|   |   |   |   |   |   |   |   |   |--- value: [73.05]
|   |   |   |   |   |   |   |   |--- Irrigation_Type >  2.00
|   |   |   |   |   |   |   |   |   |--- value: [72.39]
|   |   |   |   |   |   |--- Wind_Speed >  9.57
|   |   |   |   |   |   |   |--- Soil_Moisture <= 15.15
|   |   |   |   |   |   |   |   |--- value: [22.47]
|   |   |   |   |   |   |   |--- Soil_Moisture >  15.15
|   |   |   |   |   |   |   |   |--- value: [6.98]
|   |   |   |   |   |--- Soil_Moisture >  15.30
|   |   |   |   |   |   |--- Sunlight_Hours <= 4.26
|   |   |   |   |   |   |   |--- Sunlight_Hours <= 4.13
|   |   |   |   |   |   |   |   |--- K <= 52.00
|   |   |   |   |   |   |   |   |   |--- value: [35.82]
|   |   |   |   |   |   |   |   |--- K >  52.00
|   |   |   |   |   |   |   |   |   |--- value: [9.17]
|   |   |   |   |   |   |   |--- Sunlight_Hours >  4.13
|   |   |   |   |   |   |   |   |--- N <= 100.50
|   |   |   |   |   |   |   |   |   |--- value: [65.08]
|   |   |   |   |   |   |   |   |--- N >  100.50
|   |   |   |   |   |   |   |   |   |--- value: [30.98]
|   |   |   |   |   |   |--- Sunlight_Hours >  4.26
|   |   |   |   |   |   |   |--- Fertilizer_Used <= 113.44
|   |   |   |   |   |   |   |   |--- Sunlight_Hours <= 10.94
|   |   |   |   |   |   |   |   |   |--- value: [18.50]
|   |   |   |   |   |   |   |   |--- Sunlight_Hours >  10.94
|   |   |   |   |   |   |   |   |   |--- value: [57.40]
|   |   |   |   |   |   |   |--- Fertilizer_Used >  113.44
|   |   |   |   |   |   |   |   |--- Humidity <= 72.93
|   |   |   |   |   |   |   |   |   |--- value: [20.40]
|   |   |   |   |   |   |   |   |--- Humidity >  72.93
|   |   |   |   |   |   |   |   |   |--- value: [26.14]
|   |   |   |   |--- Temperature >  27.11
|   |   |   |   |   |--- N <= 31.50
|   |   |   |   |   |   |--- P <= 43.50
|   |   |   |   |   |   |   |--- Season <= 0.50
|   |   |   |   |   |   |   |   |--- K <= 95.00
|   |   |   |   |   |   |   |   |   |--- value: [72.95]
|   |   |   |   |   |   |   |   |--- K >  95.00
|   |   |   |   |   |   |   |   |   |--- value: [73.26]
|   |   |   |   |   |   |   |--- Season >  0.50
|   |   |   |   |   |   |   |   |--- value: [71.41]
|   |   |   |   |   |   |--- P >  43.50
|   |   |   |   |   |   |   |--- Soil_Moisture <= 57.92
|   |   |   |   |   |   |   |   |--- Temperature <= 30.21
|   |   |   |   |   |   |   |   |   |--- value: [44.62]
|   |   |   |   |   |   |   |   |--- Temperature >  30.21
|   |   |   |   |   |   |   |   |   |--- value: [10.32]
|   |   |   |   |   |   |   |--- Soil_Moisture >  57.92
|   |   |   |   |   |   |   |   |--- value: [75.29]
|   |   |   |   |   |--- N >  31.50
|   |   |   |   |   |   |--- Temperature <= 39.69
|   |   |   |   |   |   |   |--- Humidity <= 89.94
|   |   |   |   |   |   |   |   |--- Sunlight_Hours <= 4.02
|   |   |   |   |   |   |   |   |   |--- value: [72.62]
|   |   |   |   |   |   |   |   |--- Sunlight_Hours >  4.02
|   |   |   |   |   |   |   |   |   |--- value: [17.67]
|   |   |   |   |   |   |   |--- Humidity >  89.94
|   |   |   |   |   |   |   |   |--- value: [73.89]
|   |   |   |   |   |   |--- Temperature >  39.69
|   |   |   |   |   |   |   |--- K <= 125.50
|   |   |   |   |   |   |   |   |--- Soil_pH <= 7.39
|   |   |   |   |   |   |   |   |   |--- value: [11.77]
|   |   |   |   |   |   |   |   |--- Soil_pH >  7.39
|   |   |   |   |   |   |   |   |   |--- value: [72.47]
|   |   |   |   |   |   |   |--- K >  125.50
|   |   |   |   |   |   |   |   |--- Soil_Moisture <= 52.98
|   |   |   |   |   |   |   |   |   |--- value: [64.71]
|   |   |   |   |   |   |   |   |--- Soil_Moisture >  52.98
|   |   |   |   |   |   |   |   |   |--- value: [8.38]
|   |   |   |--- Altitude >  2165.50
|   |   |   |   |--- Organic_Carbon <= 1.31
|   |   |   |   |   |--- K <= 78.50
|   |   |   |   |   |   |--- Soil_pH <= 6.00
|   |   |   |   |   |   |   |--- Sunlight_Hours <= 7.38
|   |   |   |   |   |   |   |   |--- Pesticide_Used <= 8.67
|   |   |   |   |   |   |   |   |   |--- value: [6.41]
|   |   |   |   |   |   |   |   |--- Pesticide_Used >  8.67
|   |   |   |   |   |   |   |   |   |--- value: [6.36]
|   |   |   |   |   |   |   |--- Sunlight_Hours >  7.38
|   |   |   |   |   |   |   |   |--- value: [4.02]
|   |   |   |   |   |   |--- Soil_pH >  6.00
|   |   |   |   |   |   |   |--- Humidity <= 36.25
|   |   |   |   |   |   |   |   |--- Fertilizer_Used <= 110.62
|   |   |   |   |   |   |   |   |   |--- value: [6.62]
|   |   |   |   |   |   |   |   |--- Fertilizer_Used >  110.62
|   |   |   |   |   |   |   |   |   |--- value: [6.93]
|   |   |   |   |   |   |   |--- Humidity >  36.25
|   |   |   |   |   |   |   |   |--- Pesticide_Used <= 11.45
|   |   |   |   |   |   |   |   |   |--- value: [9.68]
|   |   |   |   |   |   |   |   |--- Pesticide_Used >  11.45
|   |   |   |   |   |   |   |   |   |--- value: [8.68]
|   |   |   |   |   |--- K >  78.50
|   |   |   |   |   |   |--- Temperature <= 29.69
|   |   |   |   |   |   |   |--- Soil_pH <= 7.19
|   |   |   |   |   |   |   |   |--- K <= 95.50
|   |   |   |   |   |   |   |   |   |--- value: [9.02]
|   |   |   |   |   |   |   |   |--- K >  95.50
|   |   |   |   |   |   |   |   |   |--- value: [6.76]
|   |   |   |   |   |   |   |--- Soil_pH >  7.19
|   |   |   |   |   |   |   |   |--- value: [22.61]
|   |   |   |   |   |   |--- Temperature >  29.69
|   |   |   |   |   |   |   |--- Organic_Carbon <= 0.48
|   |   |   |   |   |   |   |   |--- value: [23.44]
|   |   |   |   |   |   |   |--- Organic_Carbon >  0.48
|   |   |   |   |   |   |   |   |--- Wind_Speed <= 6.12
|   |   |   |   |   |   |   |   |   |--- value: [75.72]
|   |   |   |   |   |   |   |   |--- Wind_Speed >  6.12
|   |   |   |   |   |   |   |   |   |--- value: [73.58]
|   |   |   |   |--- Organic_Carbon >  1.31
|   |   |   |   |   |--- Soil_Moisture <= 48.99
|   |   |   |   |   |   |--- Altitude <= 2170.50
|   |   |   |   |   |   |   |--- value: [72.31]
|   |   |   |   |   |   |--- Altitude >  2170.50
|   |   |   |   |   |   |   |--- K <= 44.00
|   |   |   |   |   |   |   |   |--- value: [73.08]
|   |   |   |   |   |   |   |--- K >  44.00
|   |   |   |   |   |   |   |   |--- K <= 65.50
|   |   |   |   |   |   |   |   |   |--- value: [73.47]
|   |   |   |   |   |   |   |   |--- K >  65.50
|   |   |   |   |   |   |   |   |   |--- value: [73.77]
|   |   |   |   |   |--- Soil_Moisture >  48.99
|   |   |   |   |   |   |--- P <= 79.00
|   |   |   |   |   |   |   |--- value: [24.73]
|   |   |   |   |   |   |--- P >  79.00
|   |   |   |   |   |   |   |--- value: [24.26]
|   |   |--- Organic_Carbon >  1.54
|   |   |   |--- Wind_Speed <= 1.47
|   |   |   |   |--- Irrigation_Type <= 1.50
|   |   |   |   |   |--- value: [73.10]
|   |   |   |   |--- Irrigation_Type >  1.50
|   |   |   |   |   |--- value: [72.73]
|   |   |   |--- Wind_Speed >  1.47
|   |   |   |   |--- Pesticide_Used <= 0.11
|   |   |   |   |   |--- value: [71.03]
|   |   |   |   |--- Pesticide_Used >  0.11
|   |   |   |   |   |--- Humidity <= 32.91
|   |   |   |   |   |   |--- N <= 71.00
|   |   |   |   |   |   |   |--- value: [72.36]
|   |   |   |   |   |   |--- N >  71.00
|   |   |   |   |   |   |   |--- Region <= 3.50
|   |   |   |   |   |   |   |   |--- value: [25.67]
|   |   |   |   |   |   |   |--- Region >  3.50
|   |   |   |   |   |   |   |   |--- value: [24.59]
|   |   |   |   |   |--- Humidity >  32.91
|   |   |   |   |   |   |--- Sunlight_Hours <= 5.35
|   |   |   |   |   |   |   |--- Sunlight_Hours <= 5.31
|   |   |   |   |   |   |   |   |--- Rainfall <= 1265.33
|   |   |   |   |   |   |   |   |   |--- value: [10.32]
|   |   |   |   |   |   |   |   |--- Rainfall >  1265.33
|   |   |   |   |   |   |   |   |   |--- value: [22.46]
|   |   |   |   |   |   |   |--- Sunlight_Hours >  5.31
|   |   |   |   |   |   |   |   |--- Region <= 0.50
|   |   |   |   |   |   |   |   |   |--- value: [73.67]
|   |   |   |   |   |   |   |   |--- Region >  0.50
|   |   |   |   |   |   |   |   |   |--- value: [22.90]
|   |   |   |   |   |   |--- Sunlight_Hours >  5.35
|   |   |   |   |   |   |   |--- Altitude <= 2098.50
|   |   |   |   |   |   |   |   |--- Humidity <= 86.75
|   |   |   |   |   |   |   |   |   |--- value: [8.81]
|   |   |   |   |   |   |   |   |--- Humidity >  86.75
|   |   |   |   |   |   |   |   |   |--- value: [19.95]
|   |   |   |   |   |   |   |--- Altitude >  2098.50
|   |   |   |   |   |   |   |   |--- N <= 91.50
|   |   |   |   |   |   |   |   |   |--- value: [23.05]
|   |   |   |   |   |   |   |   |--- N >  91.50
|   |   |   |   |   |   |   |   |   |--- value: [24.44]
|   |--- Rainfall >  2122.70
|   |   |--- Wind_Speed <= 9.47
|   |   |   |--- Organic_Carbon <= 1.58
|   |   |   |   |--- Altitude <= 1228.50
|   |   |   |   |   |--- K <= 131.50
|   |   |   |   |   |   |--- Altitude <= 1218.50
|   |   |   |   |   |   |   |--- K <= 27.50
|   |   |   |   |   |   |   |   |--- N <= 62.50
|   |   |   |   |   |   |   |   |   |--- value: [75.08]
|   |   |   |   |   |   |   |   |--- N >  62.50
|   |   |   |   |   |   |   |   |   |--- value: [17.16]
|   |   |   |   |   |   |   |--- K >  27.50
|   |   |   |   |   |   |   |   |--- Altitude <= 1152.50
|   |   |   |   |   |   |   |   |   |--- value: [17.58]
|   |   |   |   |   |   |   |   |--- Altitude >  1152.50
|   |   |   |   |   |   |   |   |   |--- value: [30.55]
|   |   |   |   |   |   |--- Altitude >  1218.50
|   |   |   |   |   |   |   |--- value: [75.72]
|   |   |   |   |   |--- K >  131.50
|   |   |   |   |   |   |--- Altitude <= 979.50
|   |   |   |   |   |   |   |--- Soil_Type <= 1.50
|   |   |   |   |   |   |   |   |--- Rainfall <= 2790.51
|   |   |   |   |   |   |   |   |   |--- value: [14.80]
|   |   |   |   |   |   |   |   |--- Rainfall >  2790.51
|   |   |   |   |   |   |   |   |   |--- value: [75.26]
|   |   |   |   |   |   |   |--- Soil_Type >  1.50
|   |   |   |   |   |   |   |   |--- Region <= 2.50
|   |   |   |   |   |   |   |   |   |--- value: [23.83]
|   |   |   |   |   |   |   |   |--- Region >  2.50
|   |   |   |   |   |   |   |   |   |--- value: [65.26]
|   |   |   |   |   |   |--- Altitude >  979.50
|   |   |   |   |   |   |   |--- Pesticide_Used <= 1.58
|   |   |   |   |   |   |   |   |--- value: [24.33]
|   |   |   |   |   |   |   |--- Pesticide_Used >  1.58
|   |   |   |   |   |   |   |   |--- Organic_Carbon <= 0.88
|   |   |   |   |   |   |   |   |   |--- value: [75.59]
|   |   |   |   |   |   |   |   |--- Organic_Carbon >  0.88
|   |   |   |   |   |   |   |   |   |--- value: [74.54]
|   |   |   |   |--- Altitude >  1228.50
|   |   |   |   |   |--- P <= 95.50
|   |   |   |   |   |   |--- P <= 18.50
|   |   |   |   |   |   |   |--- Humidity <= 69.19
|   |   |   |   |   |   |   |   |--- N <= 45.50
|   |   |   |   |   |   |   |   |   |--- value: [24.80]
|   |   |   |   |   |   |   |   |--- N >  45.50
|   |   |   |   |   |   |   |   |   |--- value: [9.34]
|   |   |   |   |   |   |   |--- Humidity >  69.19
|   |   |   |   |   |   |   |   |--- Region <= 2.50
|   |   |   |   |   |   |   |   |   |--- value: [73.86]
|   |   |   |   |   |   |   |   |--- Region >  2.50
|   |   |   |   |   |   |   |   |   |--- value: [73.82]
|   |   |   |   |   |   |--- P >  18.50
|   |   |   |   |   |   |   |--- P <= 65.50
|   |   |   |   |   |   |   |   |--- Soil_Moisture <= 15.97
|   |   |   |   |   |   |   |   |   |--- value: [40.78]
|   |   |   |   |   |   |   |   |--- Soil_Moisture >  15.97
|   |   |   |   |   |   |   |   |   |--- value: [11.94]
|   |   |   |   |   |   |   |--- P >  65.50
|   |   |   |   |   |   |   |   |--- Soil_pH <= 5.29
|   |   |   |   |   |   |   |   |   |--- value: [43.63]
|   |   |   |   |   |   |   |   |--- Soil_pH >  5.29
|   |   |   |   |   |   |   |   |   |--- value: [15.78]
|   |   |   |   |   |--- P >  95.50
|   |   |   |   |   |   |--- Region <= 2.50
|   |   |   |   |   |   |   |--- Season <= 0.50
|   |   |   |   |   |   |   |   |--- value: [27.59]
|   |   |   |   |   |   |   |--- Season >  0.50
|   |   |   |   |   |   |   |   |--- Organic_Carbon <= 0.94
|   |   |   |   |   |   |   |   |   |--- value: [9.42]
|   |   |   |   |   |   |   |   |--- Organic_Carbon >  0.94
|   |   |   |   |   |   |   |   |   |--- value: [10.72]
|   |   |   |   |   |   |--- Region >  2.50
|   |   |   |   |   |   |   |--- Pesticide_Used <= 17.63
|   |   |   |   |   |   |   |   |--- N <= 107.50
|   |   |   |   |   |   |   |   |   |--- value: [72.27]
|   |   |   |   |   |   |   |   |--- N >  107.50
|   |   |   |   |   |   |   |   |   |--- value: [75.98]
|   |   |   |   |   |   |   |--- Pesticide_Used >  17.63
|   |   |   |   |   |   |   |   |--- value: [10.48]
|   |   |   |--- Organic_Carbon >  1.58
|   |   |   |   |--- P <= 32.50
|   |   |   |   |   |--- Altitude <= 1793.50
|   |   |   |   |   |   |--- Irrigation_Type <= 2.50
|   |   |   |   |   |   |   |--- K <= 58.00
|   |   |   |   |   |   |   |   |--- Soil_pH <= 7.64
|   |   |   |   |   |   |   |   |   |--- value: [73.65]
|   |   |   |   |   |   |   |   |--- Soil_pH >  7.64
|   |   |   |   |   |   |   |   |   |--- value: [74.01]
|   |   |   |   |   |   |   |--- K >  58.00
|   |   |   |   |   |   |   |   |--- Sunlight_Hours <= 8.72
|   |   |   |   |   |   |   |   |   |--- value: [74.49]
|   |   |   |   |   |   |   |   |--- Sunlight_Hours >  8.72
|   |   |   |   |   |   |   |   |   |--- value: [75.23]
|   |   |   |   |   |   |--- Irrigation_Type >  2.50
|   |   |   |   |   |   |   |--- value: [77.60]
|   |   |   |   |   |--- Altitude >  1793.50
|   |   |   |   |   |   |--- value: [12.45]
|   |   |   |   |--- P >  32.50
|   |   |   |   |   |--- Soil_Moisture <= 34.41
|   |   |   |   |   |   |--- value: [9.06]
|   |   |   |   |   |--- Soil_Moisture >  34.41
|   |   |   |   |   |   |--- Fertilizer_Used <= 123.00
|   |   |   |   |   |   |   |--- value: [9.55]
|   |   |   |   |   |   |--- Fertilizer_Used >  123.00
|   |   |   |   |   |   |   |--- value: [9.31]
|   |   |--- Wind_Speed >  9.47
|   |   |   |--- Region <= 3.50
|   |   |   |   |--- Pesticide_Used <= 23.45
|   |   |   |   |   |--- Wind_Speed <= 9.56
|   |   |   |   |   |   |--- Altitude <= 1319.50
|   |   |   |   |   |   |   |--- Sunlight_Hours <= 10.41
|   |   |   |   |   |   |   |   |--- value: [76.26]
|   |   |   |   |   |   |   |--- Sunlight_Hours >  10.41
|   |   |   |   |   |   |   |   |--- value: [74.34]
|   |   |   |   |   |   |--- Altitude >  1319.50
|   |   |   |   |   |   |   |--- value: [24.96]
|   |   |   |   |   |--- Wind_Speed >  9.56
|   |   |   |   |   |   |--- P <= 45.50
|   |   |   |   |   |   |   |--- Sunlight_Hours <= 4.82
|   |   |   |   |   |   |   |   |--- Humidity <= 60.31
|   |   |   |   |   |   |   |   |   |--- value: [11.41]
|   |   |   |   |   |   |   |   |--- Humidity >  60.31
|   |   |   |   |   |   |   |   |   |--- value: [63.72]
|   |   |   |   |   |   |   |--- Sunlight_Hours >  4.82
|   |   |   |   |   |   |   |   |--- K <= 143.00
|   |   |   |   |   |   |   |   |   |--- value: [12.80]
|   |   |   |   |   |   |   |   |--- K >  143.00
|   |   |   |   |   |   |   |   |   |--- value: [48.97]
|   |   |   |   |   |   |--- P >  45.50
|   |   |   |   |   |   |   |--- N <= 81.00
|   |   |   |   |   |   |   |   |--- N <= 77.00
|   |   |   |   |   |   |   |   |   |--- value: [28.24]
|   |   |   |   |   |   |   |   |--- N >  77.00
|   |   |   |   |   |   |   |   |   |--- value: [73.32]
|   |   |   |   |   |   |   |--- N >  81.00
|   |   |   |   |   |   |   |   |--- Altitude <= 41.50
|   |   |   |   |   |   |   |   |   |--- value: [75.23]
|   |   |   |   |   |   |   |   |--- Altitude >  41.50
|   |   |   |   |   |   |   |   |   |--- value: [20.88]
|   |   |   |   |--- Pesticide_Used >  23.45
|   |   |   |   |   |--- Soil_Moisture <= 40.43
|   |   |   |   |   |   |--- Organic_Carbon <= 0.91
|   |   |   |   |   |   |   |--- value: [71.52]
|   |   |   |   |   |   |--- Organic_Carbon >  0.91
|   |   |   |   |   |   |   |--- Sunlight_Hours <= 7.92
|   |   |   |   |   |   |   |   |--- Fertilizer_Used <= 76.40
|   |   |   |   |   |   |   |   |   |--- value: [75.19]
|   |   |   |   |   |   |   |   |--- Fertilizer_Used >  76.40
|   |   |   |   |   |   |   |   |   |--- value: [75.47]
|   |   |   |   |   |   |   |--- Sunlight_Hours >  7.92
|   |   |   |   |   |   |   |   |--- Humidity <= 51.47
|   |   |   |   |   |   |   |   |   |--- value: [74.19]
|   |   |   |   |   |   |   |   |--- Humidity >  51.47
|   |   |   |   |   |   |   |   |   |--- value: [74.72]
|   |   |   |   |   |--- Soil_Moisture >  40.43
|   |   |   |   |   |   |--- Soil_pH <= 7.20
|   |   |   |   |   |   |   |--- Rainfall <= 2340.71
|   |   |   |   |   |   |   |   |--- Fertilizer_Used <= 109.82
|   |   |   |   |   |   |   |   |   |--- value: [27.08]
|   |   |   |   |   |   |   |   |--- Fertilizer_Used >  109.82
|   |   |   |   |   |   |   |   |   |--- value: [24.84]
|   |   |   |   |   |   |   |--- Rainfall >  2340.71
|   |   |   |   |   |   |   |   |--- Fertilizer_Used <= 149.68
|   |   |   |   |   |   |   |   |   |--- value: [7.90]
|   |   |   |   |   |   |   |   |--- Fertilizer_Used >  149.68
|   |   |   |   |   |   |   |   |   |--- value: [11.25]
|   |   |   |   |   |   |--- Soil_pH >  7.20
|   |   |   |   |   |   |   |--- Organic_Carbon <= 0.60
|   |   |   |   |   |   |   |   |--- Rainfall <= 2447.92
|   |   |   |   |   |   |   |   |   |--- value: [25.12]
|   |   |   |   |   |   |   |   |--- Rainfall >  2447.92
|   |   |   |   |   |   |   |   |   |--- value: [10.51]
|   |   |   |   |   |   |   |--- Organic_Carbon >  0.60
|   |   |   |   |   |   |   |   |--- N <= 172.00
|   |   |   |   |   |   |   |   |   |--- value: [74.07]
|   |   |   |   |   |   |   |   |--- N >  172.00
|   |   |   |   |   |   |   |   |   |--- value: [24.75]
|   |   |   |--- Region >  3.50
|   |   |   |   |--- Temperature <= 29.78
|   |   |   |   |   |--- Sunlight_Hours <= 4.67
|   |   |   |   |   |   |--- Altitude <= 1440.00
|   |   |   |   |   |   |   |--- Soil_pH <= 6.62
|   |   |   |   |   |   |   |   |--- Wind_Speed <= 11.87
|   |   |   |   |   |   |   |   |   |--- value: [9.70]
|   |   |   |   |   |   |   |   |--- Wind_Speed >  11.87
|   |   |   |   |   |   |   |   |   |--- value: [8.71]
|   |   |   |   |   |   |   |--- Soil_pH >  6.62
|   |   |   |   |   |   |   |   |--- K <= 126.00
|   |   |   |   |   |   |   |   |   |--- value: [7.70]
|   |   |   |   |   |   |   |   |--- K >  126.00
|   |   |   |   |   |   |   |   |   |--- value: [6.28]
|   |   |   |   |   |   |--- Altitude >  1440.00
|   |   |   |   |   |   |   |--- Rainfall <= 2328.93
|   |   |   |   |   |   |   |   |--- value: [10.69]
|   |   |   |   |   |   |   |--- Rainfall >  2328.93
|   |   |   |   |   |   |   |   |--- value: [11.83]
|   |   |   |   |   |--- Sunlight_Hours >  4.67
|   |   |   |   |   |   |--- Sunlight_Hours <= 8.06
|   |   |   |   |   |   |   |--- Pesticide_Used <= 5.17
|   |   |   |   |   |   |   |   |--- Temperature <= 26.80
|   |   |   |   |   |   |   |   |   |--- value: [12.49]
|   |   |   |   |   |   |   |   |--- Temperature >  26.80
|   |   |   |   |   |   |   |   |   |--- value: [72.12]
|   |   |   |   |   |   |   |--- Pesticide_Used >  5.17
|   |   |   |   |   |   |   |   |--- Altitude <= 463.00
|   |   |   |   |   |   |   |   |   |--- value: [25.22]
|   |   |   |   |   |   |   |   |--- Altitude >  463.00
|   |   |   |   |   |   |   |   |   |--- value: [69.17]
|   |   |   |   |   |   |--- Sunlight_Hours >  8.06
|   |   |   |   |   |   |   |--- Altitude <= 1698.50
|   |   |   |   |   |   |   |   |--- Temperature <= 29.31
|   |   |   |   |   |   |   |   |   |--- value: [16.98]
|   |   |   |   |   |   |   |   |--- Temperature >  29.31
|   |   |   |   |   |   |   |   |   |--- value: [74.55]
|   |   |   |   |   |   |   |--- Altitude >  1698.50
|   |   |   |   |   |   |   |   |--- Wind_Speed <= 11.64
|   |   |   |   |   |   |   |   |   |--- value: [9.19]
|   |   |   |   |   |   |   |   |--- Wind_Speed >  11.64
|   |   |   |   |   |   |   |   |   |--- value: [75.09]
|   |   |   |   |--- Temperature >  29.78
|   |   |   |   |   |--- Organic_Carbon <= 0.31
|   |   |   |   |   |   |--- value: [78.31]
|   |   |   |   |   |--- Organic_Carbon >  0.31
|   |   |   |   |   |   |--- Altitude <= 1799.50
|   |   |   |   |   |   |   |--- K <= 133.00
|   |   |   |   |   |   |   |   |--- Pesticide_Used <= 13.03
|   |   |   |   |   |   |   |   |   |--- value: [8.14]
|   |   |   |   |   |   |   |   |--- Pesticide_Used >  13.03
|   |   |   |   |   |   |   |   |   |--- value: [15.78]
|   |   |   |   |   |   |   |--- K >  133.00
|   |   |   |   |   |   |   |   |--- Wind_Speed <= 13.81
|   |   |   |   |   |   |   |   |   |--- value: [25.40]
|   |   |   |   |   |   |   |   |--- Wind_Speed >  13.81
|   |   |   |   |   |   |   |   |   |--- value: [10.99]
|   |   |   |   |   |   |--- Altitude >  1799.50
|   |   |   |   |   |   |   |--- Humidity <= 58.81
|   |   |   |   |   |   |   |   |--- value: [5.58]
|   |   |   |   |   |   |   |--- Humidity >  58.81
|   |   |   |   |   |   |   |   |--- Fertilizer_Used <= 133.70
|   |   |   |   |   |   |   |   |   |--- value: [75.25]
|   |   |   |   |   |   |   |   |--- Fertilizer_Used >  133.70
|   |   |   |   |   |   |   |   |   |--- value: [74.95]
|--- Fertilizer_Used >  181.35
|   |--- Fertilizer_Used <= 181.72
|   |   |--- N <= 160.00
|   |   |   |--- Soil_pH <= 5.33
|   |   |   |   |--- Irrigation_Type <= 1.50
|   |   |   |   |   |--- value: [72.73]
|   |   |   |   |--- Irrigation_Type >  1.50
|   |   |   |   |   |--- value: [73.37]
|   |   |   |--- Soil_pH >  5.33
|   |   |   |   |--- Region <= 0.50
|   |   |   |   |   |--- value: [74.53]
|   |   |   |   |--- Region >  0.50
|   |   |   |   |   |--- value: [74.87]
|   |   |--- N >  160.00
|   |   |   |--- value: [11.17]
|   |--- Fertilizer_Used >  181.72
|   |   |--- Soil_pH <= 7.51
|   |   |   |--- Soil_Moisture <= 15.79
|   |   |   |   |--- Sunlight_Hours <= 6.32
|   |   |   |   |   |--- K <= 115.00
|   |   |   |   |   |   |--- Sunlight_Hours <= 4.29
|   |   |   |   |   |   |   |--- Organic_Carbon <= 1.38
|   |   |   |   |   |   |   |   |--- Wind_Speed <= 5.34
|   |   |   |   |   |   |   |   |   |--- value: [8.26]
|   |   |   |   |   |   |   |   |--- Wind_Speed >  5.34
|   |   |   |   |   |   |   |   |   |--- value: [11.30]
|   |   |   |   |   |   |   |--- Organic_Carbon >  1.38
|   |   |   |   |   |   |   |   |--- value: [73.88]
|   |   |   |   |   |   |--- Sunlight_Hours >  4.29
|   |   |   |   |   |   |   |--- Organic_Carbon <= 0.43
|   |   |   |   |   |   |   |   |--- value: [6.77]
|   |   |   |   |   |   |   |--- Organic_Carbon >  0.43
|   |   |   |   |   |   |   |   |--- Irrigation_Type <= 2.50
|   |   |   |   |   |   |   |   |   |--- value: [75.24]
|   |   |   |   |   |   |   |   |--- Irrigation_Type >  2.50
|   |   |   |   |   |   |   |   |   |--- value: [10.79]
|   |   |   |   |   |--- K >  115.00
|   |   |   |   |   |   |--- Irrigation_Type <= 1.50
|   |   |   |   |   |   |   |--- Soil_Moisture <= 15.32
|   |   |   |   |   |   |   |   |--- value: [6.52]
|   |   |   |   |   |   |   |--- Soil_Moisture >  15.32
|   |   |   |   |   |   |   |   |--- Rainfall <= 1594.94
|   |   |   |   |   |   |   |   |   |--- value: [10.03]
|   |   |   |   |   |   |   |   |--- Rainfall >  1594.94
|   |   |   |   |   |   |   |   |   |--- value: [9.94]
|   |   |   |   |   |   |--- Irrigation_Type >  1.50
|   |   |   |   |   |   |   |--- value: [23.69]
|   |   |   |   |--- Sunlight_Hours >  6.32
|   |   |   |   |   |--- Pesticide_Used <= 21.04
|   |   |   |   |   |   |--- Pesticide_Used <= 0.87
|   |   |   |   |   |   |   |--- value: [77.02]
|   |   |   |   |   |   |--- Pesticide_Used >  0.87
|   |   |   |   |   |   |   |--- Temperature <= 39.65
|   |   |   |   |   |   |   |   |--- Soil_pH <= 7.20
|   |   |   |   |   |   |   |   |   |--- value: [16.39]
|   |   |   |   |   |   |   |   |--- Soil_pH >  7.20
|   |   |   |   |   |   |   |   |   |--- value: [45.25]
|   |   |   |   |   |   |   |--- Temperature >  39.65
|   |   |   |   |   |   |   |   |--- value: [76.59]
|   |   |   |   |   |--- Pesticide_Used >  21.04
|   |   |   |   |   |   |--- Temperature <= 36.34
|   |   |   |   |   |   |   |--- Altitude <= 1871.50
|   |   |   |   |   |   |   |   |--- Humidity <= 47.28
|   |   |   |   |   |   |   |   |   |--- value: [77.66]
|   |   |   |   |   |   |   |   |--- Humidity >  47.28
|   |   |   |   |   |   |   |   |   |--- value: [77.29]
|   |   |   |   |   |   |   |--- Altitude >  1871.50
|   |   |   |   |   |   |   |   |--- value: [72.75]
|   |   |   |   |   |   |--- Temperature >  36.34
|   |   |   |   |   |   |   |--- value: [10.02]
|   |   |   |--- Soil_Moisture >  15.79
|   |   |   |   |--- Sunlight_Hours <= 10.22
|   |   |   |   |   |--- Sunlight_Hours <= 9.35
|   |   |   |   |   |   |--- Wind_Speed <= 1.17
|   |   |   |   |   |   |   |--- Season <= 1.50
|   |   |   |   |   |   |   |   |--- Rainfall <= 1868.77
|   |   |   |   |   |   |   |   |   |--- value: [36.35]
|   |   |   |   |   |   |   |   |--- Rainfall >  1868.77
|   |   |   |   |   |   |   |   |   |--- value: [76.97]
|   |   |   |   |   |   |   |--- Season >  1.50
|   |   |   |   |   |   |   |   |--- Organic_Carbon <= 1.46
|   |   |   |   |   |   |   |   |   |--- value: [9.36]
|   |   |   |   |   |   |   |   |--- Organic_Carbon >  1.46
|   |   |   |   |   |   |   |   |   |--- value: [26.96]
|   |   |   |   |   |   |--- Wind_Speed >  1.17
|   |   |   |   |   |   |   |--- Wind_Speed <= 3.18
|   |   |   |   |   |   |   |   |--- K <= 80.50
|   |   |   |   |   |   |   |   |   |--- value: [16.60]
|   |   |   |   |   |   |   |   |--- K >  80.50
|   |   |   |   |   |   |   |   |   |--- value: [23.47]
|   |   |   |   |   |   |   |--- Wind_Speed >  3.18
|   |   |   |   |   |   |   |   |--- Wind_Speed <= 3.24
|   |   |   |   |   |   |   |   |   |--- value: [40.62]
|   |   |   |   |   |   |   |   |--- Wind_Speed >  3.24
|   |   |   |   |   |   |   |   |   |--- value: [24.26]
|   |   |   |   |   |--- Sunlight_Hours >  9.35
|   |   |   |   |   |   |--- Altitude <= 2161.50
|   |   |   |   |   |   |   |--- Humidity <= 32.12
|   |   |   |   |   |   |   |   |--- Wind_Speed <= 3.26
|   |   |   |   |   |   |   |   |   |--- value: [12.56]
|   |   |   |   |   |   |   |   |--- Wind_Speed >  3.26
|   |   |   |   |   |   |   |   |   |--- value: [61.76]
|   |   |   |   |   |   |   |--- Humidity >  32.12
|   |   |   |   |   |   |   |   |--- Altitude <= 1386.50
|   |   |   |   |   |   |   |   |   |--- value: [29.41]
|   |   |   |   |   |   |   |   |--- Altitude >  1386.50
|   |   |   |   |   |   |   |   |   |--- value: [20.93]
|   |   |   |   |   |   |--- Altitude >  2161.50
|   |   |   |   |   |   |   |--- Region <= 0.50
|   |   |   |   |   |   |   |   |--- Season <= 1.50
|   |   |   |   |   |   |   |   |   |--- value: [26.30]
|   |   |   |   |   |   |   |   |--- Season >  1.50
|   |   |   |   |   |   |   |   |   |--- value: [10.36]
|   |   |   |   |   |   |   |--- Region >  0.50
|   |   |   |   |   |   |   |   |--- Soil_Moisture <= 28.62
|   |   |   |   |   |   |   |   |   |--- value: [73.46]
|   |   |   |   |   |   |   |   |--- Soil_Moisture >  28.62
|   |   |   |   |   |   |   |   |   |--- value: [76.52]
|   |   |   |   |--- Sunlight_Hours >  10.22
|   |   |   |   |   |--- Fertilizer_Used <= 349.12
|   |   |   |   |   |   |--- Sunlight_Hours <= 10.66
|   |   |   |   |   |   |   |--- Temperature <= 39.09
|   |   |   |   |   |   |   |   |--- K <= 148.50
|   |   |   |   |   |   |   |   |   |--- value: [16.20]
|   |   |   |   |   |   |   |   |--- K >  148.50
|   |   |   |   |   |   |   |   |   |--- value: [77.28]
|   |   |   |   |   |   |   |--- Temperature >  39.09
|   |   |   |   |   |   |   |   |--- Sunlight_Hours <= 10.45
|   |   |   |   |   |   |   |   |   |--- value: [12.07]
|   |   |   |   |   |   |   |   |--- Sunlight_Hours >  10.45
|   |   |   |   |   |   |   |   |   |--- value: [65.84]
|   |   |   |   |   |   |--- Sunlight_Hours >  10.66
|   |   |   |   |   |   |   |--- Fertilizer_Used <= 185.96
|   |   |   |   |   |   |   |   |--- P <= 43.00
|   |   |   |   |   |   |   |   |   |--- value: [75.42]
|   |   |   |   |   |   |   |   |--- P >  43.00
|   |   |   |   |   |   |   |   |   |--- value: [75.17]
|   |   |   |   |   |   |   |--- Fertilizer_Used >  185.96
|   |   |   |   |   |   |   |   |--- Rainfall <= 505.00
|   |   |   |   |   |   |   |   |   |--- value: [41.88]
|   |   |   |   |   |   |   |   |--- Rainfall >  505.00
|   |   |   |   |   |   |   |   |   |--- value: [22.21]
|   |   |   |   |   |--- Fertilizer_Used >  349.12
|   |   |   |   |   |   |--- Sunlight_Hours <= 10.36
|   |   |   |   |   |   |   |--- value: [76.38]
|   |   |   |   |   |   |--- Sunlight_Hours >  10.36
|   |   |   |   |   |   |   |--- value: [77.66]
|   |   |--- Soil_pH >  7.51
|   |   |   |--- K <= 148.50
|   |   |   |   |--- Organic_Carbon <= 1.59
|   |   |   |   |   |--- Rainfall <= 1630.47
|   |   |   |   |   |   |--- Humidity <= 57.67
|   |   |   |   |   |   |   |--- Temperature <= 17.72
|   |   |   |   |   |   |   |   |--- Sunlight_Hours <= 4.66
|   |   |   |   |   |   |   |   |   |--- value: [57.44]
|   |   |   |   |   |   |   |   |--- Sunlight_Hours >  4.66
|   |   |   |   |   |   |   |   |   |--- value: [28.37]
|   |   |   |   |   |   |   |--- Temperature >  17.72
|   |   |   |   |   |   |   |   |--- P <= 97.00
|   |   |   |   |   |   |   |   |   |--- value: [18.40]
|   |   |   |   |   |   |   |   |--- P >  97.00
|   |   |   |   |   |   |   |   |   |--- value: [51.73]
|   |   |   |   |   |   |--- Humidity >  57.67
|   |   |   |   |   |   |   |--- N <= 178.50
|   |   |   |   |   |   |   |   |--- Sunlight_Hours <= 4.04
|   |   |   |   |   |   |   |   |   |--- value: [75.44]
|   |   |   |   |   |   |   |   |--- Sunlight_Hours >  4.04
|   |   |   |   |   |   |   |   |   |--- value: [15.72]
|   |   |   |   |   |   |   |--- N >  178.50
|   |   |   |   |   |   |   |   |--- value: [75.80]
|   |   |   |   |   |--- Rainfall >  1630.47
|   |   |   |   |   |   |--- Soil_Moisture <= 34.25
|   |   |   |   |   |   |   |--- Rainfall <= 1670.65
|   |   |   |   |   |   |   |   |--- K <= 55.50
|   |   |   |   |   |   |   |   |   |--- value: [74.23]
|   |   |   |   |   |   |   |   |--- K >  55.50
|   |   |   |   |   |   |   |   |   |--- value: [24.38]
|   |   |   |   |   |   |   |--- Rainfall >  1670.65
|   |   |   |   |   |   |   |   |--- Pesticide_Used <= 0.09
|   |   |   |   |   |   |   |   |   |--- value: [76.58]
|   |   |   |   |   |   |   |   |--- Pesticide_Used >  0.09
|   |   |   |   |   |   |   |   |   |--- value: [17.17]
|   |   |   |   |   |   |--- Soil_Moisture >  34.25
|   |   |   |   |   |   |   |--- Soil_Moisture <= 38.88
|   |   |   |   |   |   |   |   |--- Soil_Moisture <= 37.72
|   |   |   |   |   |   |   |   |   |--- value: [32.06]
|   |   |   |   |   |   |   |   |--- Soil_Moisture >  37.72
|   |   |   |   |   |   |   |   |   |--- value: [75.50]
|   |   |   |   |   |   |   |--- Soil_Moisture >  38.88
|   |   |   |   |   |   |   |   |--- Pesticide_Used <= 14.85
|   |   |   |   |   |   |   |   |   |--- value: [20.01]
|   |   |   |   |   |   |   |   |--- Pesticide_Used >  14.85
|   |   |   |   |   |   |   |   |   |--- value: [30.38]
|   |   |   |   |--- Organic_Carbon >  1.59
|   |   |   |   |   |--- Organic_Carbon <= 1.60
|   |   |   |   |   |   |--- N <= 115.00
|   |   |   |   |   |   |   |--- Wind_Speed <= 11.78
|   |   |   |   |   |   |   |   |--- value: [74.61]
|   |   |   |   |   |   |   |--- Wind_Speed >  11.78
|   |   |   |   |   |   |   |   |--- value: [74.51]
|   |   |   |   |   |   |--- N >  115.00
|   |   |   |   |   |   |   |--- Rainfall <= 1531.80
|   |   |   |   |   |   |   |   |--- value: [75.16]
|   |   |   |   |   |   |   |--- Rainfall >  1531.80
|   |   |   |   |   |   |   |   |--- value: [75.78]
|   |   |   |   |   |--- Organic_Carbon >  1.60
|   |   |   |   |   |   |--- Rainfall <= 1404.78
|   |   |   |   |   |   |   |--- value: [5.56]
|   |   |   |   |   |   |--- Rainfall >  1404.78
|   |   |   |   |   |   |   |--- Humidity <= 79.86
|   |   |   |   |   |   |   |   |--- value: [9.84]
|   |   |   |   |   |   |   |--- Humidity >  79.86
|   |   |   |   |   |   |   |   |--- value: [11.13]
|   |   |   |--- K >  148.50
|   |   |   |   |--- Region <= 2.50
|   |   |   |   |   |--- Soil_Moisture <= 29.63
|   |   |   |   |   |   |--- value: [73.64]
|   |   |   |   |   |--- Soil_Moisture >  29.63
|   |   |   |   |   |   |--- Wind_Speed <= 8.96
|   |   |   |   |   |   |   |--- Soil_Type <= 2.50
|   |   |   |   |   |   |   |   |--- value: [10.60]
|   |   |   |   |   |   |   |--- Soil_Type >  2.50
|   |   |   |   |   |   |   |   |--- value: [9.89]
|   |   |   |   |   |   |--- Wind_Speed >  8.96
|   |   |   |   |   |   |   |--- value: [8.53]
|   |   |   |   |--- Region >  2.50
|   |   |   |   |   |--- Irrigation_Type <= 1.50
|   |   |   |   |   |   |--- Temperature <= 20.48
|   |   |   |   |   |   |   |--- value: [74.34]
|   |   |   |   |   |   |--- Temperature >  20.48
|   |   |   |   |   |   |   |--- value: [74.03]
|   |   |   |   |   |--- Irrigation_Type >  1.50
|   |   |   |   |   |   |--- Altitude <= 1287.50
|   |   |   |   |   |   |   |--- value: [76.81]
|   |   |   |   |   |   |--- Altitude >  1287.50
|   |   |   |   |   |   |   |--- value: [76.26]
